{"/Users/tata/node-homework/app.js": {"path":"/Users/tata/node-homework/app.js","statementMap":{"0":{"start":{"line":1,"column":16},"end":{"line":1,"column":34}},"1":{"start":{"line":3,"column":19},"end":{"line":3,"column":49}},"2":{"start":{"line":4,"column":17},"end":{"line":4,"column":50}},"3":{"start":{"line":5,"column":21},"end":{"line":5,"column":58}},"4":{"start":{"line":7,"column":12},"end":{"line":7,"column":21}},"5":{"start":{"line":11,"column":22},"end":{"line":11,"column":59}},"6":{"start":{"line":12,"column":19},"end":{"line":12,"column":49}},"7":{"start":{"line":13,"column":15},"end":{"line":13,"column":37}},"8":{"start":{"line":14,"column":24},"end":{"line":14,"column":59}},"9":{"start":{"line":15,"column":21},"end":{"line":15,"column":45}},"10":{"start":{"line":17,"column":15},"end":{"line":17,"column":32}},"11":{"start":{"line":18,"column":16},"end":{"line":18,"column":48}},"12":{"start":{"line":19,"column":20},"end":{"line":19,"column":49}},"13":{"start":{"line":21,"column":0},"end":{"line":21,"column":26}},"14":{"start":{"line":23,"column":0},"end":{"line":28,"column":2}},"15":{"start":{"line":30,"column":0},"end":{"line":30,"column":18}},"16":{"start":{"line":32,"column":0},"end":{"line":32,"column":18}},"17":{"start":{"line":33,"column":0},"end":{"line":33,"column":18}},"18":{"start":{"line":35,"column":0},"end":{"line":35,"column":24}},"19":{"start":{"line":36,"column":0},"end":{"line":36,"column":24}},"20":{"start":{"line":37,"column":0},"end":{"line":37,"column":15}},"21":{"start":{"line":39,"column":0},"end":{"line":39,"column":34}},"22":{"start":{"line":40,"column":0},"end":{"line":40,"column":49}},"23":{"start":{"line":41,"column":0},"end":{"line":41,"column":58}},"24":{"start":{"line":43,"column":0},"end":{"line":52,"column":3}},"25":{"start":{"line":44,"column":2},"end":{"line":51,"column":3}},"26":{"start":{"line":45,"column":4},"end":{"line":45,"column":37}},"27":{"start":{"line":46,"column":4},"end":{"line":46,"column":48}},"28":{"start":{"line":48,"column":4},"end":{"line":50,"column":74}},"29":{"start":{"line":54,"column":0},"end":{"line":58,"column":3}},"30":{"start":{"line":55,"column":2},"end":{"line":57,"column":5}},"31":{"start":{"line":60,"column":0},"end":{"line":60,"column":18}},"32":{"start":{"line":61,"column":0},"end":{"line":61,"column":22}},"33":{"start":{"line":63,"column":13},"end":{"line":63,"column":37}},"34":{"start":{"line":65,"column":15},"end":{"line":67,"column":2}},"35":{"start":{"line":66,"column":2},"end":{"line":66,"column":56}},"36":{"start":{"line":69,"column":0},"end":{"line":77,"column":3}},"37":{"start":{"line":70,"column":2},"end":{"line":74,"column":3}},"38":{"start":{"line":71,"column":4},"end":{"line":71,"column":53}},"39":{"start":{"line":73,"column":4},"end":{"line":73,"column":40}},"40":{"start":{"line":76,"column":2},"end":{"line":76,"column":18}},"41":{"start":{"line":79,"column":21},"end":{"line":79,"column":26}},"42":{"start":{"line":82,"column":2},"end":{"line":82,"column":29}},"43":{"start":{"line":82,"column":22},"end":{"line":82,"column":29}},"44":{"start":{"line":83,"column":2},"end":{"line":83,"column":24}},"45":{"start":{"line":85,"column":2},"end":{"line":85,"column":45}},"46":{"start":{"line":87,"column":2},"end":{"line":103,"column":3}},"47":{"start":{"line":88,"column":4},"end":{"line":93,"column":7}},"48":{"start":{"line":89,"column":6},"end":{"line":92,"column":9}},"49":{"start":{"line":90,"column":8},"end":{"line":91,"column":23}},"50":{"start":{"line":90,"column":17},"end":{"line":90,"column":29}},"51":{"start":{"line":91,"column":13},"end":{"line":91,"column":23}},"52":{"start":{"line":94,"column":4},"end":{"line":94,"column":39}},"53":{"start":{"line":96,"column":4},"end":{"line":96,"column":49}},"54":{"start":{"line":97,"column":4},"end":{"line":97,"column":13}},"55":{"start":{"line":99,"column":4},"end":{"line":99,"column":31}},"56":{"start":{"line":100,"column":4},"end":{"line":100,"column":39}},"57":{"start":{"line":102,"column":4},"end":{"line":102,"column":23}},"58":{"start":{"line":106,"column":0},"end":{"line":106,"column":40}},"59":{"start":{"line":106,"column":27},"end":{"line":106,"column":38}},"60":{"start":{"line":107,"column":0},"end":{"line":107,"column":41}},"61":{"start":{"line":107,"column":28},"end":{"line":107,"column":39}},"62":{"start":{"line":109,"column":0},"end":{"line":109,"column":33}}},"fnMap":{"0":{"name":"(anonymous_0)","decl":{"start":{"line":43,"column":19},"end":{"line":43,"column":20}},"loc":{"start":{"line":43,"column":39},"end":{"line":52,"column":1}},"line":43},"1":{"name":"(anonymous_1)","decl":{"start":{"line":54,"column":22},"end":{"line":54,"column":23}},"loc":{"start":{"line":54,"column":36},"end":{"line":58,"column":1}},"line":54},"2":{"name":"(anonymous_2)","decl":{"start":{"line":65,"column":32},"end":{"line":65,"column":33}},"loc":{"start":{"line":65,"column":38},"end":{"line":67,"column":1}},"line":65},"3":{"name":"(anonymous_3)","decl":{"start":{"line":69,"column":19},"end":{"line":69,"column":20}},"loc":{"start":{"line":69,"column":28},"end":{"line":77,"column":1}},"line":69},"4":{"name":"shutdown","decl":{"start":{"line":81,"column":15},"end":{"line":81,"column":23}},"loc":{"start":{"line":81,"column":34},"end":{"line":104,"column":1}},"line":81},"5":{"name":"(anonymous_5)","decl":{"start":{"line":88,"column":22},"end":{"line":88,"column":23}},"loc":{"start":{"line":88,"column":43},"end":{"line":93,"column":5}},"line":88},"6":{"name":"(anonymous_6)","decl":{"start":{"line":89,"column":19},"end":{"line":89,"column":20}},"loc":{"start":{"line":89,"column":28},"end":{"line":92,"column":7}},"line":89},"7":{"name":"(anonymous_7)","decl":{"start":{"line":106,"column":21},"end":{"line":106,"column":22}},"loc":{"start":{"line":106,"column":27},"end":{"line":106,"column":38}},"line":106},"8":{"name":"(anonymous_8)","decl":{"start":{"line":107,"column":22},"end":{"line":107,"column":23}},"loc":{"start":{"line":107,"column":28},"end":{"line":107,"column":39}},"line":107}},"branchMap":{"0":{"loc":{"start":{"line":63,"column":13},"end":{"line":63,"column":37}},"type":"binary-expr","locations":[{"start":{"line":63,"column":13},"end":{"line":63,"column":29}},{"start":{"line":63,"column":33},"end":{"line":63,"column":37}}],"line":63},"1":{"loc":{"start":{"line":70,"column":2},"end":{"line":74,"column":3}},"type":"if","locations":[{"start":{"line":70,"column":2},"end":{"line":74,"column":3}},{"start":{"line":72,"column":9},"end":{"line":74,"column":3}}],"line":70},"2":{"loc":{"start":{"line":81,"column":24},"end":{"line":81,"column":32}},"type":"default-arg","locations":[{"start":{"line":81,"column":31},"end":{"line":81,"column":32}}],"line":81},"3":{"loc":{"start":{"line":82,"column":2},"end":{"line":82,"column":29}},"type":"if","locations":[{"start":{"line":82,"column":2},"end":{"line":82,"column":29}},{"start":{},"end":{}}],"line":82},"4":{"loc":{"start":{"line":90,"column":8},"end":{"line":91,"column":23}},"type":"if","locations":[{"start":{"line":90,"column":8},"end":{"line":91,"column":23}},{"start":{"line":91,"column":13},"end":{"line":91,"column":23}}],"line":90}},"s":{"0":1,"1":1,"2":1,"3":1,"4":1,"5":1,"6":1,"7":1,"8":1,"9":1,"10":1,"11":1,"12":1,"13":1,"14":1,"15":1,"16":1,"17":1,"18":1,"19":1,"20":1,"21":1,"22":1,"23":1,"24":1,"25":0,"26":0,"27":0,"28":0,"29":1,"30":0,"31":1,"32":1,"33":1,"34":1,"35":1,"36":1,"37":0,"38":0,"39":0,"40":0,"41":1,"42":0,"43":0,"44":0,"45":0,"46":0,"47":0,"48":0,"49":0,"50":0,"51":0,"52":0,"53":0,"54":0,"55":0,"56":0,"57":0,"58":1,"59":0,"60":1,"61":0,"62":1},"f":{"0":0,"1":0,"2":1,"3":0,"4":0,"5":0,"6":0,"7":0,"8":0},"b":{"0":[1,1],"1":[0,0],"2":[0],"3":[0,0],"4":[0,0]},"_coverageSchema":"1a1c01bbd47fc00a2c39e90264f33305004495a9","hash":"463f636ff924e4fef91be99fe2e447bdf9369bbb"}
,"/Users/tata/node-homework/controllers/analyticsController.js": {"path":"/Users/tata/node-homework/controllers/analyticsController.js","statementMap":{"0":{"start":{"line":1,"column":15},"end":{"line":1,"column":38}},"1":{"start":{"line":4,"column":2},"end":{"line":83,"column":3}},"2":{"start":{"line":7,"column":19},"end":{"line":7,"column":42}},"3":{"start":{"line":9,"column":4},"end":{"line":13,"column":5}},"4":{"start":{"line":10,"column":6},"end":{"line":12,"column":9}},"5":{"start":{"line":16,"column":17},"end":{"line":18,"column":6}},"6":{"start":{"line":20,"column":4},"end":{"line":24,"column":5}},"7":{"start":{"line":21,"column":6},"end":{"line":23,"column":9}},"8":{"start":{"line":27,"column":22},"end":{"line":33,"column":6}},"9":{"start":{"line":36,"column":24},"end":{"line":55,"column":6}},"10":{"start":{"line":58,"column":23},"end":{"line":58,"column":33}},"11":{"start":{"line":60,"column":4},"end":{"line":60,"column":49}},"12":{"start":{"line":63,"column":27},"end":{"line":74,"column":6}},"13":{"start":{"line":76,"column":4},"end":{"line":80,"column":7}},"14":{"start":{"line":82,"column":4},"end":{"line":82,"column":21}},"15":{"start":{"line":87,"column":2},"end":{"line":152,"column":3}},"16":{"start":{"line":90,"column":17},"end":{"line":90,"column":46}},"17":{"start":{"line":91,"column":18},"end":{"line":91,"column":49}},"18":{"start":{"line":92,"column":17},"end":{"line":92,"column":35}},"19":{"start":{"line":96,"column":21},"end":{"line":118,"column":6}},"20":{"start":{"line":121,"column":18},"end":{"line":130,"column":7}},"21":{"start":{"line":121,"column":42},"end":{"line":130,"column":5}},"22":{"start":{"line":133,"column":23},"end":{"line":133,"column":48}},"23":{"start":{"line":137,"column":23},"end":{"line":144,"column":5}},"24":{"start":{"line":146,"column":4},"end":{"line":149,"column":7}},"25":{"start":{"line":151,"column":4},"end":{"line":151,"column":21}},"26":{"start":{"line":156,"column":2},"end":{"line":207,"column":3}},"27":{"start":{"line":157,"column":24},"end":{"line":157,"column":35}},"28":{"start":{"line":159,"column":4},"end":{"line":163,"column":5}},"29":{"start":{"line":160,"column":6},"end":{"line":162,"column":9}},"30":{"start":{"line":165,"column":18},"end":{"line":165,"column":49}},"31":{"start":{"line":166,"column":25},"end":{"line":166,"column":43}},"32":{"start":{"line":169,"column":26},"end":{"line":169,"column":45}},"33":{"start":{"line":170,"column":23},"end":{"line":170,"column":35}},"34":{"start":{"line":171,"column":23},"end":{"line":171,"column":41}},"35":{"start":{"line":174,"column":26},"end":{"line":196,"column":5}},"36":{"start":{"line":200,"column":4},"end":{"line":204,"column":7}},"37":{"start":{"line":206,"column":4},"end":{"line":206,"column":21}},"38":{"start":{"line":210,"column":0},"end":{"line":214,"column":2}}},"fnMap":{"0":{"name":"getUserAnalytics","decl":{"start":{"line":3,"column":15},"end":{"line":3,"column":31}},"loc":{"start":{"line":3,"column":48},"end":{"line":84,"column":1}},"line":3},"1":{"name":"getUsersWithStats","decl":{"start":{"line":86,"column":15},"end":{"line":86,"column":32}},"loc":{"start":{"line":86,"column":49},"end":{"line":153,"column":1}},"line":86},"2":{"name":"(anonymous_2)","decl":{"start":{"line":121,"column":31},"end":{"line":121,"column":32}},"loc":{"start":{"line":121,"column":42},"end":{"line":130,"column":5}},"line":121},"3":{"name":"searchTasks","decl":{"start":{"line":155,"column":15},"end":{"line":155,"column":26}},"loc":{"start":{"line":155,"column":43},"end":{"line":208,"column":1}},"line":155}},"branchMap":{"0":{"loc":{"start":{"line":9,"column":4},"end":{"line":13,"column":5}},"type":"if","locations":[{"start":{"line":9,"column":4},"end":{"line":13,"column":5}},{"start":{},"end":{}}],"line":9},"1":{"loc":{"start":{"line":20,"column":4},"end":{"line":24,"column":5}},"type":"if","locations":[{"start":{"line":20,"column":4},"end":{"line":24,"column":5}},{"start":{},"end":{}}],"line":20},"2":{"loc":{"start":{"line":90,"column":17},"end":{"line":90,"column":46}},"type":"binary-expr","locations":[{"start":{"line":90,"column":17},"end":{"line":90,"column":41}},{"start":{"line":90,"column":45},"end":{"line":90,"column":46}}],"line":90},"3":{"loc":{"start":{"line":91,"column":18},"end":{"line":91,"column":49}},"type":"binary-expr","locations":[{"start":{"line":91,"column":18},"end":{"line":91,"column":43}},{"start":{"line":91,"column":47},"end":{"line":91,"column":49}}],"line":91},"4":{"loc":{"start":{"line":159,"column":4},"end":{"line":163,"column":5}},"type":"if","locations":[{"start":{"line":159,"column":4},"end":{"line":163,"column":5}},{"start":{},"end":{}}],"line":159},"5":{"loc":{"start":{"line":159,"column":8},"end":{"line":159,"column":53}},"type":"binary-expr","locations":[{"start":{"line":159,"column":8},"end":{"line":159,"column":20}},{"start":{"line":159,"column":24},"end":{"line":159,"column":53}}],"line":159},"6":{"loc":{"start":{"line":165,"column":18},"end":{"line":165,"column":49}},"type":"binary-expr","locations":[{"start":{"line":165,"column":18},"end":{"line":165,"column":43}},{"start":{"line":165,"column":47},"end":{"line":165,"column":49}}],"line":165}},"s":{"0":1,"1":0,"2":0,"3":0,"4":0,"5":0,"6":0,"7":0,"8":0,"9":0,"10":0,"11":0,"12":0,"13":0,"14":0,"15":0,"16":0,"17":0,"18":0,"19":0,"20":0,"21":0,"22":0,"23":0,"24":0,"25":0,"26":0,"27":0,"28":0,"29":0,"30":0,"31":0,"32":0,"33":0,"34":0,"35":0,"36":0,"37":0,"38":1},"f":{"0":0,"1":0,"2":0,"3":0},"b":{"0":[0,0],"1":[0,0],"2":[0,0],"3":[0,0],"4":[0,0],"5":[0,0],"6":[0,0]},"_coverageSchema":"1a1c01bbd47fc00a2c39e90264f33305004495a9","hash":"c0a4e8bfde8671df48853c3d563a27dfaaa82faa"}
,"/Users/tata/node-homework/controllers/taskController.js": {"path":"/Users/tata/node-homework/controllers/taskController.js","statementMap":{"0":{"start":{"line":1,"column":40},"end":{"line":1,"column":75}},"1":{"start":{"line":3,"column":20},"end":{"line":9,"column":4}},"2":{"start":{"line":4,"column":23},"end":{"line":4,"column":24}},"3":{"start":{"line":5,"column":2},"end":{"line":8,"column":4}},"4":{"start":{"line":6,"column":4},"end":{"line":6,"column":24}},"5":{"start":{"line":7,"column":4},"end":{"line":7,"column":26}},"6":{"start":{"line":11,"column":15},"end":{"line":11,"column":38}},"7":{"start":{"line":14,"column":2},"end":{"line":47,"column":3}},"8":{"start":{"line":15,"column":4},"end":{"line":15,"column":33}},"9":{"start":{"line":15,"column":19},"end":{"line":15,"column":33}},"10":{"start":{"line":17,"column":29},"end":{"line":19,"column":6}},"11":{"start":{"line":21,"column":4},"end":{"line":25,"column":5}},"12":{"start":{"line":22,"column":6},"end":{"line":24,"column":9}},"13":{"start":{"line":27,"column":24},"end":{"line":27,"column":50}},"14":{"start":{"line":29,"column":17},"end":{"line":42,"column":6}},"15":{"start":{"line":44,"column":4},"end":{"line":44,"column":38}},"16":{"start":{"line":46,"column":4},"end":{"line":46,"column":21}},"17":{"start":{"line":50,"column":19},"end":{"line":71,"column":1}},"18":{"start":{"line":51,"column":26},"end":{"line":57,"column":3}},"19":{"start":{"line":59,"column":17},"end":{"line":59,"column":44}},"20":{"start":{"line":61,"column":24},"end":{"line":61,"column":70}},"21":{"start":{"line":63,"column":2},"end":{"line":67,"column":3}},"22":{"start":{"line":64,"column":4},"end":{"line":66,"column":6}},"23":{"start":{"line":68,"column":2},"end":{"line":70,"column":4}},"24":{"start":{"line":74,"column":2},"end":{"line":150,"column":3}},"25":{"start":{"line":75,"column":17},"end":{"line":75,"column":46}},"26":{"start":{"line":76,"column":18},"end":{"line":76,"column":49}},"27":{"start":{"line":78,"column":4},"end":{"line":82,"column":5}},"28":{"start":{"line":79,"column":6},"end":{"line":81,"column":9}},"29":{"start":{"line":84,"column":4},"end":{"line":88,"column":5}},"30":{"start":{"line":85,"column":6},"end":{"line":87,"column":9}},"31":{"start":{"line":90,"column":4},"end":{"line":94,"column":5}},"32":{"start":{"line":91,"column":6},"end":{"line":93,"column":9}},"33":{"start":{"line":95,"column":17},"end":{"line":95,"column":35}},"34":{"start":{"line":96,"column":24},"end":{"line":96,"column":47}},"35":{"start":{"line":98,"column":4},"end":{"line":103,"column":5}},"36":{"start":{"line":99,"column":6},"end":{"line":102,"column":8}},"37":{"start":{"line":105,"column":18},"end":{"line":123,"column":6}},"38":{"start":{"line":125,"column":4},"end":{"line":129,"column":5}},"39":{"start":{"line":126,"column":6},"end":{"line":128,"column":9}},"40":{"start":{"line":131,"column":23},"end":{"line":133,"column":6}},"41":{"start":{"line":135,"column":23},"end":{"line":142,"column":5}},"42":{"start":{"line":144,"column":4},"end":{"line":147,"column":7}},"43":{"start":{"line":149,"column":4},"end":{"line":149,"column":21}},"44":{"start":{"line":154,"column":2},"end":{"line":194,"column":3}},"45":{"start":{"line":155,"column":19},"end":{"line":155,"column":43}},"46":{"start":{"line":157,"column":4},"end":{"line":161,"column":5}},"47":{"start":{"line":158,"column":6},"end":{"line":160,"column":9}},"48":{"start":{"line":163,"column":17},"end":{"line":183,"column":6}},"49":{"start":{"line":185,"column":4},"end":{"line":189,"column":5}},"50":{"start":{"line":186,"column":6},"end":{"line":188,"column":9}},"51":{"start":{"line":191,"column":4},"end":{"line":191,"column":38}},"52":{"start":{"line":193,"column":4},"end":{"line":193,"column":21}},"53":{"start":{"line":198,"column":2},"end":{"line":238,"column":3}},"54":{"start":{"line":199,"column":4},"end":{"line":199,"column":33}},"55":{"start":{"line":199,"column":19},"end":{"line":199,"column":33}},"56":{"start":{"line":201,"column":41},"end":{"line":203,"column":6}},"57":{"start":{"line":205,"column":4},"end":{"line":209,"column":5}},"58":{"start":{"line":206,"column":6},"end":{"line":208,"column":9}},"59":{"start":{"line":211,"column":19},"end":{"line":211,"column":43}},"60":{"start":{"line":213,"column":4},"end":{"line":217,"column":5}},"61":{"start":{"line":214,"column":6},"end":{"line":216,"column":9}},"62":{"start":{"line":219,"column":24},"end":{"line":228,"column":6}},"63":{"start":{"line":230,"column":4},"end":{"line":230,"column":45}},"64":{"start":{"line":232,"column":4},"end":{"line":236,"column":5}},"65":{"start":{"line":233,"column":6},"end":{"line":235,"column":9}},"66":{"start":{"line":237,"column":4},"end":{"line":237,"column":21}},"67":{"start":{"line":242,"column":2},"end":{"line":269,"column":3}},"68":{"start":{"line":243,"column":19},"end":{"line":243,"column":43}},"69":{"start":{"line":245,"column":4},"end":{"line":249,"column":5}},"70":{"start":{"line":246,"column":6},"end":{"line":248,"column":9}},"71":{"start":{"line":251,"column":24},"end":{"line":259,"column":6}},"72":{"start":{"line":261,"column":4},"end":{"line":261,"column":45}},"73":{"start":{"line":263,"column":4},"end":{"line":267,"column":5}},"74":{"start":{"line":264,"column":6},"end":{"line":266,"column":9}},"75":{"start":{"line":268,"column":4},"end":{"line":268,"column":21}},"76":{"start":{"line":274,"column":20},"end":{"line":274,"column":28}},"77":{"start":{"line":277,"column":2},"end":{"line":281,"column":3}},"78":{"start":{"line":278,"column":4},"end":{"line":280,"column":7}},"79":{"start":{"line":284,"column":21},"end":{"line":284,"column":23}},"80":{"start":{"line":285,"column":2},"end":{"line":299,"column":3}},"81":{"start":{"line":286,"column":29},"end":{"line":286,"column":54}},"82":{"start":{"line":287,"column":4},"end":{"line":292,"column":5}},"83":{"start":{"line":288,"column":6},"end":{"line":291,"column":9}},"84":{"start":{"line":293,"column":4},"end":{"line":298,"column":7}},"85":{"start":{"line":302,"column":2},"end":{"line":315,"column":3}},"86":{"start":{"line":303,"column":19},"end":{"line":306,"column":6}},"87":{"start":{"line":308,"column":4},"end":{"line":312,"column":7}},"88":{"start":{"line":314,"column":4},"end":{"line":314,"column":21}},"89":{"start":{"line":318,"column":0},"end":{"line":326,"column":2}}},"fnMap":{"0":{"name":"(anonymous_0)","decl":{"start":{"line":3,"column":21},"end":{"line":3,"column":22}},"loc":{"start":{"line":3,"column":27},"end":{"line":9,"column":1}},"line":3},"1":{"name":"(anonymous_1)","decl":{"start":{"line":5,"column":9},"end":{"line":5,"column":10}},"loc":{"start":{"line":5,"column":15},"end":{"line":8,"column":3}},"line":5},"2":{"name":"create","decl":{"start":{"line":13,"column":15},"end":{"line":13,"column":21}},"loc":{"start":{"line":13,"column":38},"end":{"line":48,"column":1}},"line":13},"3":{"name":"(anonymous_3)","decl":{"start":{"line":50,"column":19},"end":{"line":50,"column":20}},"loc":{"start":{"line":50,"column":30},"end":{"line":71,"column":1}},"line":50},"4":{"name":"index","decl":{"start":{"line":73,"column":15},"end":{"line":73,"column":20}},"loc":{"start":{"line":73,"column":37},"end":{"line":151,"column":1}},"line":73},"5":{"name":"show","decl":{"start":{"line":153,"column":15},"end":{"line":153,"column":19}},"loc":{"start":{"line":153,"column":36},"end":{"line":195,"column":1}},"line":153},"6":{"name":"update","decl":{"start":{"line":197,"column":15},"end":{"line":197,"column":21}},"loc":{"start":{"line":197,"column":38},"end":{"line":239,"column":1}},"line":197},"7":{"name":"deleteTask","decl":{"start":{"line":241,"column":15},"end":{"line":241,"column":25}},"loc":{"start":{"line":241,"column":42},"end":{"line":270,"column":1}},"line":241},"8":{"name":"bulkCreate","decl":{"start":{"line":273,"column":15},"end":{"line":273,"column":25}},"loc":{"start":{"line":273,"column":42},"end":{"line":316,"column":1}},"line":273}},"branchMap":{"0":{"loc":{"start":{"line":15,"column":4},"end":{"line":15,"column":33}},"type":"if","locations":[{"start":{"line":15,"column":4},"end":{"line":15,"column":33}},{"start":{},"end":{}}],"line":15},"1":{"loc":{"start":{"line":21,"column":4},"end":{"line":25,"column":5}},"type":"if","locations":[{"start":{"line":21,"column":4},"end":{"line":25,"column":5}},{"start":{},"end":{}}],"line":21},"2":{"loc":{"start":{"line":27,"column":24},"end":{"line":27,"column":50}},"type":"binary-expr","locations":[{"start":{"line":27,"column":24},"end":{"line":27,"column":41}},{"start":{"line":27,"column":45},"end":{"line":27,"column":50}}],"line":27},"3":{"loc":{"start":{"line":59,"column":17},"end":{"line":59,"column":44}},"type":"binary-expr","locations":[{"start":{"line":59,"column":17},"end":{"line":59,"column":29}},{"start":{"line":59,"column":33},"end":{"line":59,"column":44}}],"line":59},"4":{"loc":{"start":{"line":61,"column":24},"end":{"line":61,"column":70}},"type":"cond-expr","locations":[{"start":{"line":61,"column":56},"end":{"line":61,"column":61}},{"start":{"line":61,"column":64},"end":{"line":61,"column":70}}],"line":61},"5":{"loc":{"start":{"line":63,"column":2},"end":{"line":67,"column":3}},"type":"if","locations":[{"start":{"line":63,"column":2},"end":{"line":67,"column":3}},{"start":{},"end":{}}],"line":63},"6":{"loc":{"start":{"line":75,"column":17},"end":{"line":75,"column":46}},"type":"binary-expr","locations":[{"start":{"line":75,"column":17},"end":{"line":75,"column":41}},{"start":{"line":75,"column":45},"end":{"line":75,"column":46}}],"line":75},"7":{"loc":{"start":{"line":76,"column":18},"end":{"line":76,"column":49}},"type":"binary-expr","locations":[{"start":{"line":76,"column":18},"end":{"line":76,"column":43}},{"start":{"line":76,"column":47},"end":{"line":76,"column":49}}],"line":76},"8":{"loc":{"start":{"line":78,"column":4},"end":{"line":82,"column":5}},"type":"if","locations":[{"start":{"line":78,"column":4},"end":{"line":82,"column":5}},{"start":{},"end":{}}],"line":78},"9":{"loc":{"start":{"line":84,"column":4},"end":{"line":88,"column":5}},"type":"if","locations":[{"start":{"line":84,"column":4},"end":{"line":88,"column":5}},{"start":{},"end":{}}],"line":84},"10":{"loc":{"start":{"line":84,"column":8},"end":{"line":84,"column":32}},"type":"binary-expr","locations":[{"start":{"line":84,"column":8},"end":{"line":84,"column":17}},{"start":{"line":84,"column":21},"end":{"line":84,"column":32}}],"line":84},"11":{"loc":{"start":{"line":90,"column":4},"end":{"line":94,"column":5}},"type":"if","locations":[{"start":{"line":90,"column":4},"end":{"line":94,"column":5}},{"start":{},"end":{}}],"line":90},"12":{"loc":{"start":{"line":90,"column":8},"end":{"line":90,"column":58}},"type":"binary-expr","locations":[{"start":{"line":90,"column":8},"end":{"line":90,"column":22}},{"start":{"line":90,"column":26},"end":{"line":90,"column":58}}],"line":90},"13":{"loc":{"start":{"line":98,"column":4},"end":{"line":103,"column":5}},"type":"if","locations":[{"start":{"line":98,"column":4},"end":{"line":103,"column":5}},{"start":{},"end":{}}],"line":98},"14":{"loc":{"start":{"line":125,"column":4},"end":{"line":129,"column":5}},"type":"if","locations":[{"start":{"line":125,"column":4},"end":{"line":129,"column":5}},{"start":{},"end":{}}],"line":125},"15":{"loc":{"start":{"line":157,"column":4},"end":{"line":161,"column":5}},"type":"if","locations":[{"start":{"line":157,"column":4},"end":{"line":161,"column":5}},{"start":{},"end":{}}],"line":157},"16":{"loc":{"start":{"line":185,"column":4},"end":{"line":189,"column":5}},"type":"if","locations":[{"start":{"line":185,"column":4},"end":{"line":189,"column":5}},{"start":{},"end":{}}],"line":185},"17":{"loc":{"start":{"line":199,"column":4},"end":{"line":199,"column":33}},"type":"if","locations":[{"start":{"line":199,"column":4},"end":{"line":199,"column":33}},{"start":{},"end":{}}],"line":199},"18":{"loc":{"start":{"line":205,"column":4},"end":{"line":209,"column":5}},"type":"if","locations":[{"start":{"line":205,"column":4},"end":{"line":209,"column":5}},{"start":{},"end":{}}],"line":205},"19":{"loc":{"start":{"line":213,"column":4},"end":{"line":217,"column":5}},"type":"if","locations":[{"start":{"line":213,"column":4},"end":{"line":217,"column":5}},{"start":{},"end":{}}],"line":213},"20":{"loc":{"start":{"line":232,"column":4},"end":{"line":236,"column":5}},"type":"if","locations":[{"start":{"line":232,"column":4},"end":{"line":236,"column":5}},{"start":{},"end":{}}],"line":232},"21":{"loc":{"start":{"line":245,"column":4},"end":{"line":249,"column":5}},"type":"if","locations":[{"start":{"line":245,"column":4},"end":{"line":249,"column":5}},{"start":{},"end":{}}],"line":245},"22":{"loc":{"start":{"line":263,"column":4},"end":{"line":267,"column":5}},"type":"if","locations":[{"start":{"line":263,"column":4},"end":{"line":267,"column":5}},{"start":{},"end":{}}],"line":263},"23":{"loc":{"start":{"line":277,"column":2},"end":{"line":281,"column":3}},"type":"if","locations":[{"start":{"line":277,"column":2},"end":{"line":281,"column":3}},{"start":{},"end":{}}],"line":277},"24":{"loc":{"start":{"line":277,"column":6},"end":{"line":277,"column":59}},"type":"binary-expr","locations":[{"start":{"line":277,"column":6},"end":{"line":277,"column":12}},{"start":{"line":277,"column":16},"end":{"line":277,"column":37}},{"start":{"line":277,"column":41},"end":{"line":277,"column":59}}],"line":277},"25":{"loc":{"start":{"line":287,"column":4},"end":{"line":292,"column":5}},"type":"if","locations":[{"start":{"line":287,"column":4},"end":{"line":292,"column":5}},{"start":{},"end":{}}],"line":287},"26":{"loc":{"start":{"line":295,"column":19},"end":{"line":295,"column":45}},"type":"binary-expr","locations":[{"start":{"line":295,"column":19},"end":{"line":295,"column":36}},{"start":{"line":295,"column":40},"end":{"line":295,"column":45}}],"line":295},"27":{"loc":{"start":{"line":296,"column":16},"end":{"line":296,"column":42}},"type":"binary-expr","locations":[{"start":{"line":296,"column":16},"end":{"line":296,"column":30}},{"start":{"line":296,"column":34},"end":{"line":296,"column":42}}],"line":296}},"s":{"0":2,"1":2,"2":2,"3":2,"4":0,"5":0,"6":2,"7":3,"8":3,"9":0,"10":3,"11":3,"12":0,"13":3,"14":3,"15":1,"16":2,"17":2,"18":4,"19":4,"20":4,"21":4,"22":4,"23":0,"24":5,"25":5,"26":5,"27":5,"28":0,"29":5,"30":0,"31":5,"32":0,"33":5,"34":5,"35":4,"36":0,"37":4,"38":4,"39":2,"40":2,"41":2,"42":2,"43":1,"44":2,"45":2,"46":2,"47":0,"48":2,"49":2,"50":1,"51":1,"52":0,"53":2,"54":2,"55":0,"56":2,"57":2,"58":0,"59":2,"60":2,"61":0,"62":2,"63":1,"64":1,"65":1,"66":0,"67":2,"68":2,"69":2,"70":0,"71":2,"72":1,"73":1,"74":1,"75":0,"76":0,"77":0,"78":0,"79":0,"80":0,"81":0,"82":0,"83":0,"84":0,"85":0,"86":0,"87":0,"88":0,"89":2},"f":{"0":2,"1":0,"2":3,"3":4,"4":5,"5":2,"6":2,"7":2,"8":0},"b":{"0":[0,3],"1":[0,3],"2":[3,0],"3":[4,4],"4":[0,4],"5":[4,0],"6":[5,5],"7":[5,5],"8":[0,5],"9":[0,5],"10":[5,5],"11":[0,5],"12":[5,0],"13":[0,4],"14":[2,2],"15":[0,2],"16":[1,1],"17":[0,2],"18":[0,2],"19":[0,2],"20":[1,0],"21":[0,2],"22":[1,0],"23":[0,0],"24":[0,0,0],"25":[0,0],"26":[0,0],"27":[0,0]},"_coverageSchema":"1a1c01bbd47fc00a2c39e90264f33305004495a9","hash":"2a425fec841e4eb6022071915f2405ac86b72b9e"}
,"/Users/tata/node-homework/controllers/userController.js": {"path":"/Users/tata/node-homework/controllers/userController.js","statementMap":{"0":{"start":{"line":1,"column":15},"end":{"line":1,"column":32}},"1":{"start":{"line":2,"column":13},"end":{"line":2,"column":28}},"2":{"start":{"line":3,"column":15},"end":{"line":3,"column":44}},"3":{"start":{"line":5,"column":23},"end":{"line":5,"column":58}},"4":{"start":{"line":7,"column":15},"end":{"line":7,"column":38}},"5":{"start":{"line":9,"column":23},"end":{"line":9,"column":40}},"6":{"start":{"line":10,"column":12},"end":{"line":10,"column":35}},"7":{"start":{"line":12,"column":20},"end":{"line":18,"column":1}},"8":{"start":{"line":13,"column":2},"end":{"line":17,"column":4}},"9":{"start":{"line":20,"column":21},"end":{"line":27,"column":1}},"10":{"start":{"line":22,"column":18},"end":{"line":22,"column":58}},"11":{"start":{"line":23,"column":16},"end":{"line":23,"column":78}},"12":{"start":{"line":25,"column":2},"end":{"line":25,"column":69}},"13":{"start":{"line":26,"column":2},"end":{"line":26,"column":27}},"14":{"start":{"line":30,"column":15},"end":{"line":30,"column":53}},"15":{"start":{"line":31,"column":21},"end":{"line":31,"column":53}},"16":{"start":{"line":32,"column":2},"end":{"line":32,"column":49}},"17":{"start":{"line":36,"column":22},"end":{"line":36,"column":43}},"18":{"start":{"line":37,"column":20},"end":{"line":37,"column":43}},"19":{"start":{"line":38,"column":21},"end":{"line":38,"column":58}},"20":{"start":{"line":39,"column":2},"end":{"line":39,"column":55}},"21":{"start":{"line":43,"column":2},"end":{"line":43,"column":31}},"22":{"start":{"line":43,"column":17},"end":{"line":43,"column":31}},"23":{"start":{"line":45,"column":27},"end":{"line":47,"column":4}},"24":{"start":{"line":49,"column":2},"end":{"line":54,"column":3}},"25":{"start":{"line":50,"column":4},"end":{"line":53,"column":7}},"26":{"start":{"line":56,"column":2},"end":{"line":56,"column":60}},"27":{"start":{"line":57,"column":2},"end":{"line":57,"column":24}},"28":{"start":{"line":63,"column":2},"end":{"line":118,"column":3}},"29":{"start":{"line":64,"column":19},"end":{"line":103,"column":6}},"30":{"start":{"line":66,"column":22},"end":{"line":73,"column":8}},"31":{"start":{"line":76,"column":30},"end":{"line":84,"column":7}},"32":{"start":{"line":85,"column":6},"end":{"line":85,"column":58}},"33":{"start":{"line":88,"column":27},"end":{"line":100,"column":8}},"34":{"start":{"line":91,"column":50},"end":{"line":91,"column":57}},"35":{"start":{"line":102,"column":6},"end":{"line":102,"column":45}},"36":{"start":{"line":105,"column":22},"end":{"line":105,"column":57}},"37":{"start":{"line":107,"column":4},"end":{"line":110,"column":7}},"38":{"start":{"line":112,"column":4},"end":{"line":117,"column":5}},"39":{"start":{"line":114,"column":6},"end":{"line":114,"column":73}},"40":{"start":{"line":116,"column":6},"end":{"line":116,"column":23}},"41":{"start":{"line":122,"column":2},"end":{"line":122,"column":31}},"42":{"start":{"line":122,"column":17},"end":{"line":122,"column":31}},"43":{"start":{"line":124,"column":28},"end":{"line":124,"column":36}},"44":{"start":{"line":126,"column":2},"end":{"line":130,"column":3}},"45":{"start":{"line":127,"column":4},"end":{"line":129,"column":7}},"46":{"start":{"line":131,"column":2},"end":{"line":167,"column":3}},"47":{"start":{"line":132,"column":4},"end":{"line":132,"column":32}},"48":{"start":{"line":134,"column":17},"end":{"line":142,"column":6}},"49":{"start":{"line":145,"column":4},"end":{"line":147,"column":5}},"50":{"start":{"line":146,"column":6},"end":{"line":146,"column":76}},"51":{"start":{"line":149,"column":28},"end":{"line":152,"column":5}},"52":{"start":{"line":154,"column":4},"end":{"line":156,"column":5}},"53":{"start":{"line":155,"column":6},"end":{"line":155,"column":76}},"54":{"start":{"line":158,"column":22},"end":{"line":158,"column":50}},"55":{"start":{"line":160,"column":4},"end":{"line":164,"column":7}},"56":{"start":{"line":166,"column":4},"end":{"line":166,"column":21}},"57":{"start":{"line":171,"column":2},"end":{"line":171,"column":43}},"58":{"start":{"line":172,"column":2},"end":{"line":172,"column":29}},"59":{"start":{"line":176,"column":2},"end":{"line":221,"column":3}},"60":{"start":{"line":177,"column":19},"end":{"line":177,"column":42}},"61":{"start":{"line":179,"column":4},"end":{"line":183,"column":5}},"62":{"start":{"line":180,"column":6},"end":{"line":182,"column":9}},"63":{"start":{"line":185,"column":17},"end":{"line":210,"column":6}},"64":{"start":{"line":212,"column":4},"end":{"line":216,"column":5}},"65":{"start":{"line":213,"column":6},"end":{"line":215,"column":9}},"66":{"start":{"line":218,"column":4},"end":{"line":218,"column":38}},"67":{"start":{"line":220,"column":4},"end":{"line":220,"column":21}},"68":{"start":{"line":224,"column":0},"end":{"line":231,"column":2}}},"fnMap":{"0":{"name":"(anonymous_0)","decl":{"start":{"line":12,"column":20},"end":{"line":12,"column":21}},"loc":{"start":{"line":12,"column":29},"end":{"line":18,"column":1}},"line":12},"1":{"name":"(anonymous_1)","decl":{"start":{"line":20,"column":21},"end":{"line":20,"column":22}},"loc":{"start":{"line":20,"column":41},"end":{"line":27,"column":1}},"line":20},"2":{"name":"hashPassword","decl":{"start":{"line":29,"column":15},"end":{"line":29,"column":27}},"loc":{"start":{"line":29,"column":38},"end":{"line":33,"column":1}},"line":29},"3":{"name":"comparePassword","decl":{"start":{"line":35,"column":15},"end":{"line":35,"column":30}},"loc":{"start":{"line":35,"column":58},"end":{"line":40,"column":1}},"line":35},"4":{"name":"register","decl":{"start":{"line":42,"column":15},"end":{"line":42,"column":23}},"loc":{"start":{"line":42,"column":40},"end":{"line":119,"column":1}},"line":42},"5":{"name":"(anonymous_5)","decl":{"start":{"line":64,"column":45},"end":{"line":64,"column":46}},"loc":{"start":{"line":64,"column":59},"end":{"line":103,"column":5}},"line":64},"6":{"name":"(anonymous_6)","decl":{"start":{"line":91,"column":43},"end":{"line":91,"column":44}},"loc":{"start":{"line":91,"column":50},"end":{"line":91,"column":57}},"line":91},"7":{"name":"logon","decl":{"start":{"line":121,"column":15},"end":{"line":121,"column":20}},"loc":{"start":{"line":121,"column":37},"end":{"line":168,"column":1}},"line":121},"8":{"name":"logoff","decl":{"start":{"line":170,"column":9},"end":{"line":170,"column":15}},"loc":{"start":{"line":170,"column":26},"end":{"line":173,"column":1}},"line":170},"9":{"name":"show","decl":{"start":{"line":175,"column":15},"end":{"line":175,"column":19}},"loc":{"start":{"line":175,"column":36},"end":{"line":222,"column":1}},"line":175}},"branchMap":{"0":{"loc":{"start":{"line":43,"column":2},"end":{"line":43,"column":31}},"type":"if","locations":[{"start":{"line":43,"column":2},"end":{"line":43,"column":31}},{"start":{},"end":{}}],"line":43},"1":{"loc":{"start":{"line":49,"column":2},"end":{"line":54,"column":3}},"type":"if","locations":[{"start":{"line":49,"column":2},"end":{"line":54,"column":3}},{"start":{},"end":{}}],"line":49},"2":{"loc":{"start":{"line":112,"column":4},"end":{"line":117,"column":5}},"type":"if","locations":[{"start":{"line":112,"column":4},"end":{"line":117,"column":5}},{"start":{"line":115,"column":11},"end":{"line":117,"column":5}}],"line":112},"3":{"loc":{"start":{"line":122,"column":2},"end":{"line":122,"column":31}},"type":"if","locations":[{"start":{"line":122,"column":2},"end":{"line":122,"column":31}},{"start":{},"end":{}}],"line":122},"4":{"loc":{"start":{"line":126,"column":2},"end":{"line":130,"column":3}},"type":"if","locations":[{"start":{"line":126,"column":2},"end":{"line":130,"column":3}},{"start":{},"end":{}}],"line":126},"5":{"loc":{"start":{"line":126,"column":6},"end":{"line":126,"column":25}},"type":"binary-expr","locations":[{"start":{"line":126,"column":6},"end":{"line":126,"column":12}},{"start":{"line":126,"column":16},"end":{"line":126,"column":25}}],"line":126},"6":{"loc":{"start":{"line":145,"column":4},"end":{"line":147,"column":5}},"type":"if","locations":[{"start":{"line":145,"column":4},"end":{"line":147,"column":5}},{"start":{},"end":{}}],"line":145},"7":{"loc":{"start":{"line":154,"column":4},"end":{"line":156,"column":5}},"type":"if","locations":[{"start":{"line":154,"column":4},"end":{"line":156,"column":5}},{"start":{},"end":{}}],"line":154},"8":{"loc":{"start":{"line":179,"column":4},"end":{"line":183,"column":5}},"type":"if","locations":[{"start":{"line":179,"column":4},"end":{"line":183,"column":5}},{"start":{},"end":{}}],"line":179},"9":{"loc":{"start":{"line":212,"column":4},"end":{"line":216,"column":5}},"type":"if","locations":[{"start":{"line":212,"column":4},"end":{"line":216,"column":5}},{"start":{},"end":{}}],"line":212}},"s":{"0":2,"1":2,"2":2,"3":2,"4":2,"5":2,"6":2,"7":2,"8":6,"9":2,"10":4,"11":4,"12":4,"13":4,"14":3,"15":3,"16":3,"17":3,"18":3,"19":3,"20":3,"21":3,"22":0,"23":3,"24":3,"25":0,"26":3,"27":3,"28":3,"29":3,"30":3,"31":2,"32":2,"33":2,"34":6,"35":2,"36":2,"37":2,"38":1,"39":1,"40":0,"41":3,"42":0,"43":3,"44":3,"45":0,"46":3,"47":3,"48":3,"49":3,"50":0,"51":3,"52":3,"53":1,"54":2,"55":2,"56":0,"57":2,"58":2,"59":0,"60":0,"61":0,"62":0,"63":0,"64":0,"65":0,"66":0,"67":0,"68":2},"f":{"0":6,"1":4,"2":3,"3":3,"4":3,"5":3,"6":6,"7":3,"8":2,"9":0},"b":{"0":[0,3],"1":[0,3],"2":[1,0],"3":[0,3],"4":[0,3],"5":[3,3],"6":[0,3],"7":[1,2],"8":[0,0],"9":[0,0]},"_coverageSchema":"1a1c01bbd47fc00a2c39e90264f33305004495a9","hash":"1375de03e26e3c4d58bbe8774017b3d118a1c3c2"}
,"/Users/tata/node-homework/db/prisma.js": {"path":"/Users/tata/node-homework/db/prisma.js","statementMap":{"0":{"start":{"line":1,"column":25},"end":{"line":1,"column":50}},"1":{"start":{"line":4,"column":0},"end":{"line":8,"column":1}},"2":{"start":{"line":5,"column":2},"end":{"line":5,"column":28}},"3":{"start":{"line":7,"column":2},"end":{"line":7,"column":12}},"4":{"start":{"line":10,"column":15},"end":{"line":10,"column":37}},"5":{"start":{"line":12,"column":0},"end":{"line":12,"column":24}}},"fnMap":{},"branchMap":{"0":{"loc":{"start":{"line":4,"column":0},"end":{"line":8,"column":1}},"type":"if","locations":[{"start":{"line":4,"column":0},"end":{"line":8,"column":1}},{"start":{"line":6,"column":7},"end":{"line":8,"column":1}}],"line":4},"1":{"loc":{"start":{"line":4,"column":4},"end":{"line":4,"column":67}},"type":"binary-expr","locations":[{"start":{"line":4,"column":4},"end":{"line":4,"column":25}},{"start":{"line":4,"column":29},"end":{"line":4,"column":67}}],"line":4}},"s":{"0":3,"1":3,"2":0,"3":3,"4":3,"5":3},"f":{},"b":{"0":[0,3],"1":[3,3]},"_coverageSchema":"1a1c01bbd47fc00a2c39e90264f33305004495a9","hash":"cbc3d4c2fe83739a62d19d8ca2461e032f61dcf8"}
,"/Users/tata/node-homework/middleware/error-handler.js": {"path":"/Users/tata/node-homework/middleware/error-handler.js","statementMap":{"0":{"start":{"line":2,"column":2},"end":{"line":4,"column":3}},"1":{"start":{"line":3,"column":4},"end":{"line":3,"column":70}},"2":{"start":{"line":5,"column":2},"end":{"line":10,"column":3}},"3":{"start":{"line":7,"column":4},"end":{"line":9,"column":6}},"4":{"start":{"line":11,"column":2},"end":{"line":11,"column":21}},"5":{"start":{"line":12,"column":2},"end":{"line":14,"column":5}},"6":{"start":{"line":17,"column":0},"end":{"line":17,"column":30}}},"fnMap":{"0":{"name":"errorHandler","decl":{"start":{"line":1,"column":9},"end":{"line":1,"column":21}},"loc":{"start":{"line":1,"column":43},"end":{"line":15,"column":1}},"line":1}},"branchMap":{"0":{"loc":{"start":{"line":2,"column":2},"end":{"line":4,"column":3}},"type":"if","locations":[{"start":{"line":2,"column":2},"end":{"line":4,"column":3}},{"start":{},"end":{}}],"line":2},"1":{"loc":{"start":{"line":5,"column":2},"end":{"line":10,"column":3}},"type":"if","locations":[{"start":{"line":5,"column":2},"end":{"line":10,"column":3}},{"start":{},"end":{}}],"line":5},"2":{"loc":{"start":{"line":5,"column":6},"end":{"line":5,"column":54}},"type":"binary-expr","locations":[{"start":{"line":5,"column":6},"end":{"line":5,"column":33}},{"start":{"line":5,"column":37},"end":{"line":5,"column":54}}],"line":5}},"s":{"0":0,"1":0,"2":0,"3":0,"4":0,"5":0,"6":1},"f":{"0":0},"b":{"0":[0,0],"1":[0,0],"2":[0,0]},"_coverageSchema":"1a1c01bbd47fc00a2c39e90264f33305004495a9","hash":"adb05b1877cfc45e56385a06a3546bd608165eb3"}
,"/Users/tata/node-homework/middleware/jwtMiddleware.js": {"path":"/Users/tata/node-homework/middleware/jwtMiddleware.js","statementMap":{"0":{"start":{"line":1,"column":12},"end":{"line":1,"column":35}},"1":{"start":{"line":2,"column":24},"end":{"line":2,"column":52}},"2":{"start":{"line":4,"column":16},"end":{"line":8,"column":1}},"3":{"start":{"line":5,"column":2},"end":{"line":7,"column":52}},"4":{"start":{"line":10,"column":0},"end":{"line":31,"column":2}},"5":{"start":{"line":11,"column":16},"end":{"line":11,"column":33}},"6":{"start":{"line":12,"column":2},"end":{"line":14,"column":3}},"7":{"start":{"line":13,"column":4},"end":{"line":13,"column":24}},"8":{"start":{"line":15,"column":2},"end":{"line":30,"column":5}},"9":{"start":{"line":17,"column":4},"end":{"line":19,"column":5}},"10":{"start":{"line":18,"column":6},"end":{"line":18,"column":26}},"11":{"start":{"line":20,"column":4},"end":{"line":20,"column":34}},"12":{"start":{"line":23,"column":4},"end":{"line":28,"column":5}},"13":{"start":{"line":25,"column":6},"end":{"line":27,"column":7}},"14":{"start":{"line":26,"column":8},"end":{"line":26,"column":28}},"15":{"start":{"line":29,"column":4},"end":{"line":29,"column":11}}},"fnMap":{"0":{"name":"(anonymous_0)","decl":{"start":{"line":4,"column":16},"end":{"line":4,"column":17}},"loc":{"start":{"line":4,"column":25},"end":{"line":8,"column":1}},"line":4},"1":{"name":"(anonymous_1)","decl":{"start":{"line":10,"column":17},"end":{"line":10,"column":18}},"loc":{"start":{"line":10,"column":43},"end":{"line":31,"column":1}},"line":10},"2":{"name":"(anonymous_2)","decl":{"start":{"line":15,"column":44},"end":{"line":15,"column":45}},"loc":{"start":{"line":15,"column":62},"end":{"line":30,"column":3}},"line":15}},"branchMap":{"0":{"loc":{"start":{"line":12,"column":2},"end":{"line":14,"column":3}},"type":"if","locations":[{"start":{"line":12,"column":2},"end":{"line":14,"column":3}},{"start":{},"end":{}}],"line":12},"1":{"loc":{"start":{"line":17,"column":4},"end":{"line":19,"column":5}},"type":"if","locations":[{"start":{"line":17,"column":4},"end":{"line":19,"column":5}},{"start":{},"end":{}}],"line":17},"2":{"loc":{"start":{"line":23,"column":4},"end":{"line":28,"column":5}},"type":"if","locations":[{"start":{"line":23,"column":4},"end":{"line":28,"column":5}},{"start":{},"end":{}}],"line":23},"3":{"loc":{"start":{"line":25,"column":6},"end":{"line":27,"column":7}},"type":"if","locations":[{"start":{"line":25,"column":6},"end":{"line":27,"column":7}},{"start":{},"end":{}}],"line":25}},"s":{"0":2,"1":2,"2":2,"3":4,"4":2,"5":7,"6":7,"7":2,"8":5,"9":5,"10":1,"11":4,"12":4,"13":3,"14":1,"15":3},"f":{"0":4,"1":7,"2":5},"b":{"0":[2,5],"1":[1,4],"2":[3,1],"3":[1,2]},"_coverageSchema":"1a1c01bbd47fc00a2c39e90264f33305004495a9","hash":"6453a20b6a56a9eb645708dddabab6878ea0a98d"}
,"/Users/tata/node-homework/middleware/not-found.js": {"path":"/Users/tata/node-homework/middleware/not-found.js","statementMap":{"0":{"start":{"line":2,"column":2},"end":{"line":4,"column":5}},"1":{"start":{"line":7,"column":0},"end":{"line":7,"column":26}}},"fnMap":{"0":{"name":"notFound","decl":{"start":{"line":1,"column":9},"end":{"line":1,"column":17}},"loc":{"start":{"line":1,"column":28},"end":{"line":5,"column":1}},"line":1}},"branchMap":{},"s":{"0":0,"1":1},"f":{"0":0},"b":{},"_coverageSchema":"1a1c01bbd47fc00a2c39e90264f33305004495a9","hash":"ac2fdba8bc646fc02c320ac500b3bf7d1389942d"}
,"/Users/tata/node-homework/routes/analyticsRoutes.js": {"path":"/Users/tata/node-homework/routes/analyticsRoutes.js","statementMap":{"0":{"start":{"line":5,"column":16},"end":{"line":5,"column":34}},"1":{"start":{"line":11,"column":4},"end":{"line":11,"column":49}},"2":{"start":{"line":13,"column":15},"end":{"line":13,"column":31}},"3":{"start":{"line":15,"column":0},"end":{"line":15,"column":43}},"4":{"start":{"line":16,"column":0},"end":{"line":16,"column":40}},"5":{"start":{"line":17,"column":0},"end":{"line":17,"column":41}},"6":{"start":{"line":19,"column":0},"end":{"line":19,"column":24}}},"fnMap":{},"branchMap":{},"s":{"0":1,"1":1,"2":1,"3":1,"4":1,"5":1,"6":1},"f":{},"b":{},"_coverageSchema":"1a1c01bbd47fc00a2c39e90264f33305004495a9","hash":"33236cce934dd9cf7b991b5ce023c0667085b5b2"}
,"/Users/tata/node-homework/routes/taskRoutes.js": {"path":"/Users/tata/node-homework/routes/taskRoutes.js","statementMap":{"0":{"start":{"line":13,"column":16},"end":{"line":13,"column":34}},"1":{"start":{"line":14,"column":23},"end":{"line":14,"column":63}},"2":{"start":{"line":16,"column":15},"end":{"line":16,"column":31}},"3":{"start":{"line":18,"column":0},"end":{"line":18,"column":38}},"4":{"start":{"line":19,"column":0},"end":{"line":19,"column":40}},"5":{"start":{"line":20,"column":0},"end":{"line":20,"column":48}},"6":{"start":{"line":21,"column":0},"end":{"line":21,"column":40}},"7":{"start":{"line":22,"column":0},"end":{"line":22,"column":44}},"8":{"start":{"line":23,"column":0},"end":{"line":23,"column":49}},"9":{"start":{"line":25,"column":0},"end":{"line":25,"column":24}}},"fnMap":{},"branchMap":{},"s":{"0":1,"1":1,"2":1,"3":1,"4":1,"5":1,"6":1,"7":1,"8":1,"9":1},"f":{},"b":{},"_coverageSchema":"1a1c01bbd47fc00a2c39e90264f33305004495a9","hash":"1570d6998ccd7a2804615e7b0913f744febde848"}
,"/Users/tata/node-homework/routes/userRoutes.js": {"path":"/Users/tata/node-homework/routes/userRoutes.js","statementMap":{"0":{"start":{"line":1,"column":16},"end":{"line":1,"column":34}},"1":{"start":{"line":3,"column":36},"end":{"line":3,"column":76}},"2":{"start":{"line":5,"column":15},"end":{"line":5,"column":31}},"3":{"start":{"line":7,"column":22},"end":{"line":7,"column":60}},"4":{"start":{"line":9,"column":0},"end":{"line":9,"column":35}},"5":{"start":{"line":10,"column":0},"end":{"line":10,"column":29}},"6":{"start":{"line":11,"column":0},"end":{"line":11,"column":46}},"7":{"start":{"line":13,"column":0},"end":{"line":13,"column":24}}},"fnMap":{},"branchMap":{},"s":{"0":1,"1":1,"2":1,"3":1,"4":1,"5":1,"6":1,"7":1},"f":{},"b":{},"_coverageSchema":"1a1c01bbd47fc00a2c39e90264f33305004495a9","hash":"f045cf87a8a2cb8eff937267be0d898eae9d6411"}
,"/Users/tata/node-homework/test/waitForRouteHandlerCompletion.js": {"path":"/Users/tata/node-homework/test/waitForRouteHandlerCompletion.js","statementMap":{"0":{"start":{"line":1,"column":38},"end":{"line":15,"column":1}},"1":{"start":{"line":3,"column":18},"end":{"line":11,"column":4}},"2":{"start":{"line":4,"column":4},"end":{"line":7,"column":7}},"3":{"start":{"line":5,"column":6},"end":{"line":5,"column":38}},"4":{"start":{"line":5,"column":17},"end":{"line":5,"column":38}},"5":{"start":{"line":6,"column":6},"end":{"line":6,"column":16}},"6":{"start":{"line":8,"column":4},"end":{"line":10,"column":7}},"7":{"start":{"line":9,"column":6},"end":{"line":9,"column":16}},"8":{"start":{"line":12,"column":2},"end":{"line":12,"column":29}},"9":{"start":{"line":13,"column":2},"end":{"line":13,"column":16}},"10":{"start":{"line":14,"column":2},"end":{"line":14,"column":14}},"11":{"start":{"line":16,"column":0},"end":{"line":16,"column":47}}},"fnMap":{"0":{"name":"(anonymous_0)","decl":{"start":{"line":1,"column":38},"end":{"line":1,"column":39}},"loc":{"start":{"line":1,"column":64},"end":{"line":15,"column":1}},"line":1},"1":{"name":"(anonymous_1)","decl":{"start":{"line":3,"column":30},"end":{"line":3,"column":31}},"loc":{"start":{"line":3,"column":51},"end":{"line":11,"column":3}},"line":3},"2":{"name":"(anonymous_2)","decl":{"start":{"line":4,"column":19},"end":{"line":4,"column":20}},"loc":{"start":{"line":4,"column":30},"end":{"line":7,"column":5}},"line":4},"3":{"name":"(anonymous_3)","decl":{"start":{"line":8,"column":21},"end":{"line":8,"column":22}},"loc":{"start":{"line":8,"column":27},"end":{"line":10,"column":5}},"line":8}},"branchMap":{"0":{"loc":{"start":{"line":5,"column":6},"end":{"line":5,"column":38}},"type":"if","locations":[{"start":{"line":5,"column":6},"end":{"line":5,"column":38}},{"start":{},"end":{}}],"line":5}},"s":{"0":2,"1":22,"2":22,"3":4,"4":3,"5":1,"6":22,"7":18,"8":22,"9":22,"10":19,"11":2},"f":{"0":22,"1":22,"2":4,"3":18},"b":{"0":[3,1]},"_coverageSchema":"1a1c01bbd47fc00a2c39e90264f33305004495a9","hash":"e0dece6c37fbf9a099ea510b8c616fbc564412a1"}
,"/Users/tata/node-homework/validation/taskSchema.js": {"path":"/Users/tata/node-homework/validation/taskSchema.js","statementMap":{"0":{"start":{"line":1,"column":12},"end":{"line":1,"column":26}},"1":{"start":{"line":3,"column":19},"end":{"line":7,"column":2}},"2":{"start":{"line":9,"column":24},"end":{"line":15,"column":53}},"3":{"start":{"line":17,"column":0},"end":{"line":17,"column":49}}},"fnMap":{},"branchMap":{},"s":{"0":3,"1":3,"2":3,"3":3},"f":{},"b":{},"_coverageSchema":"1a1c01bbd47fc00a2c39e90264f33305004495a9","hash":"e63f9e27803d9a8cea25ed1de822a9849421efa2"}
,"/Users/tata/node-homework/validation/userSchema.js": {"path":"/Users/tata/node-homework/validation/userSchema.js","statementMap":{"0":{"start":{"line":1,"column":12},"end":{"line":1,"column":26}},"1":{"start":{"line":3,"column":19},"end":{"line":15,"column":2}},"2":{"start":{"line":17,"column":0},"end":{"line":17,"column":32}}},"fnMap":{},"branchMap":{},"s":{"0":3,"1":3,"2":3},"f":{},"b":{},"_coverageSchema":"1a1c01bbd47fc00a2c39e90264f33305004495a9","hash":"24d4061fe5c09f691ed51d9944f5119a64686b9b"}
}
