TN:
SF:app.js
FN:43,(anonymous_0)
FN:54,(anonymous_1)
FN:65,(anonymous_2)
FN:69,(anonymous_3)
FN:81,shutdown
FN:88,(anonymous_5)
FN:89,(anonymous_6)
FN:106,(anonymous_7)
FN:107,(anonymous_8)
FNF:9
FNH:1
FNDA:0,(anonymous_0)
FNDA:0,(anonymous_1)
FNDA:1,(anonymous_2)
FNDA:0,(anonymous_3)
FNDA:0,shutdown
FNDA:0,(anonymous_5)
FNDA:0,(anonymous_6)
FNDA:0,(anonymous_7)
FNDA:0,(anonymous_8)
DA:1,1
DA:3,1
DA:4,1
DA:5,1
DA:7,1
DA:11,1
DA:12,1
DA:13,1
DA:14,1
DA:15,1
DA:17,1
DA:18,1
DA:19,1
DA:21,1
DA:23,1
DA:30,1
DA:32,1
DA:33,1
DA:35,1
DA:36,1
DA:37,1
DA:39,1
DA:40,1
DA:41,1
DA:43,1
DA:44,0
DA:45,0
DA:46,0
DA:48,0
DA:54,1
DA:55,0
DA:60,1
DA:61,1
DA:63,1
DA:65,1
DA:66,1
DA:69,1
DA:70,0
DA:71,0
DA:73,0
DA:76,0
DA:79,1
DA:82,0
DA:83,0
DA:85,0
DA:87,0
DA:88,0
DA:89,0
DA:90,0
DA:91,0
DA:94,0
DA:96,0
DA:97,0
DA:99,0
DA:100,0
DA:102,0
DA:106,1
DA:107,1
DA:109,1
LF:59
LH:36
BRDA:63,0,0,1
BRDA:63,0,1,1
BRDA:70,1,0,0
BRDA:70,1,1,0
BRDA:81,2,0,0
BRDA:82,3,0,0
BRDA:82,3,1,0
BRDA:90,4,0,0
BRDA:90,4,1,0
BRF:9
BRH:2
end_of_record
TN:
SF:controllers/analyticsController.js
FN:3,getUserAnalytics
FN:86,getUsersWithStats
FN:121,(anonymous_2)
FN:155,searchTasks
FNF:4
FNH:0
FNDA:0,getUserAnalytics
FNDA:0,getUsersWithStats
FNDA:0,(anonymous_2)
FNDA:0,searchTasks
DA:1,1
DA:4,0
DA:7,0
DA:9,0
DA:10,0
DA:16,0
DA:20,0
DA:21,0
DA:27,0
DA:36,0
DA:58,0
DA:60,0
DA:63,0
DA:76,0
DA:82,0
DA:87,0
DA:90,0
DA:91,0
DA:92,0
DA:96,0
DA:121,0
DA:133,0
DA:137,0
DA:146,0
DA:151,0
DA:156,0
DA:157,0
DA:159,0
DA:160,0
DA:165,0
DA:166,0
DA:169,0
DA:170,0
DA:171,0
DA:174,0
DA:200,0
DA:206,0
DA:210,1
LF:38
LH:2
BRDA:9,0,0,0
BRDA:9,0,1,0
BRDA:20,1,0,0
BRDA:20,1,1,0
BRDA:90,2,0,0
BRDA:90,2,1,0
BRDA:91,3,0,0
BRDA:91,3,1,0
BRDA:159,4,0,0
BRDA:159,4,1,0
BRDA:159,5,0,0
BRDA:159,5,1,0
BRDA:165,6,0,0
BRDA:165,6,1,0
BRF:14
BRH:0
end_of_record
TN:
SF:controllers/taskController.js
FN:3,(anonymous_0)
FN:5,(anonymous_1)
FN:13,create
FN:50,(anonymous_3)
FN:73,index
FN:153,show
FN:197,update
FN:241,deleteTask
FN:273,bulkCreate
FNF:9
FNH:7
FNDA:2,(anonymous_0)
FNDA:0,(anonymous_1)
FNDA:3,create
FNDA:4,(anonymous_3)
FNDA:5,index
FNDA:2,show
FNDA:2,update
FNDA:2,deleteTask
FNDA:0,bulkCreate
DA:1,2
DA:3,2
DA:4,2
DA:5,2
DA:6,0
DA:7,0
DA:11,2
DA:14,3
DA:15,3
DA:17,3
DA:21,3
DA:22,0
DA:27,3
DA:29,3
DA:44,1
DA:46,2
DA:50,2
DA:51,4
DA:59,4
DA:61,4
DA:63,4
DA:64,4
DA:68,0
DA:74,5
DA:75,5
DA:76,5
DA:78,5
DA:79,0
DA:84,5
DA:85,0
DA:90,5
DA:91,0
DA:95,5
DA:96,5
DA:98,4
DA:99,0
DA:105,4
DA:125,4
DA:126,2
DA:131,2
DA:135,2
DA:144,2
DA:149,1
DA:154,2
DA:155,2
DA:157,2
DA:158,0
DA:163,2
DA:185,2
DA:186,1
DA:191,1
DA:193,0
DA:198,2
DA:199,2
DA:201,2
DA:205,2
DA:206,0
DA:211,2
DA:213,2
DA:214,0
DA:219,2
DA:230,1
DA:232,1
DA:233,1
DA:237,0
DA:242,2
DA:243,2
DA:245,2
DA:246,0
DA:251,2
DA:261,1
DA:263,1
DA:264,1
DA:268,0
DA:274,0
DA:277,0
DA:278,0
DA:284,0
DA:285,0
DA:286,0
DA:287,0
DA:288,0
DA:293,0
DA:302,0
DA:303,0
DA:308,0
DA:314,0
DA:318,2
LF:88
LH:60
BRDA:15,0,0,0
BRDA:15,0,1,3
BRDA:21,1,0,0
BRDA:21,1,1,3
BRDA:27,2,0,3
BRDA:27,2,1,0
BRDA:59,3,0,4
BRDA:59,3,1,4
BRDA:61,4,0,0
BRDA:61,4,1,4
BRDA:63,5,0,4
BRDA:63,5,1,0
BRDA:75,6,0,5
BRDA:75,6,1,5
BRDA:76,7,0,5
BRDA:76,7,1,5
BRDA:78,8,0,0
BRDA:78,8,1,5
BRDA:84,9,0,0
BRDA:84,9,1,5
BRDA:84,10,0,5
BRDA:84,10,1,5
BRDA:90,11,0,0
BRDA:90,11,1,5
BRDA:90,12,0,5
BRDA:90,12,1,0
BRDA:98,13,0,0
BRDA:98,13,1,4
BRDA:125,14,0,2
BRDA:125,14,1,2
BRDA:157,15,0,0
BRDA:157,15,1,2
BRDA:185,16,0,1
BRDA:185,16,1,1
BRDA:199,17,0,0
BRDA:199,17,1,2
BRDA:205,18,0,0
BRDA:205,18,1,2
BRDA:213,19,0,0
BRDA:213,19,1,2
BRDA:232,20,0,1
BRDA:232,20,1,0
BRDA:245,21,0,0
BRDA:245,21,1,2
BRDA:263,22,0,1
BRDA:263,22,1,0
BRDA:277,23,0,0
BRDA:277,23,1,0
BRDA:277,24,0,0
BRDA:277,24,1,0
BRDA:277,24,2,0
BRDA:287,25,0,0
BRDA:287,25,1,0
BRDA:295,26,0,0
BRDA:295,26,1,0
BRDA:296,27,0,0
BRDA:296,27,1,0
BRF:57
BRH:29
end_of_record
TN:
SF:controllers/userController.js
FN:12,(anonymous_0)
FN:20,(anonymous_1)
FN:29,hashPassword
FN:35,comparePassword
FN:42,register
FN:64,(anonymous_5)
FN:91,(anonymous_6)
FN:121,logon
FN:170,logoff
FN:175,show
FNF:10
FNH:9
FNDA:6,(anonymous_0)
FNDA:4,(anonymous_1)
FNDA:3,hashPassword
FNDA:3,comparePassword
FNDA:3,register
FNDA:3,(anonymous_5)
FNDA:6,(anonymous_6)
FNDA:3,logon
FNDA:2,logoff
FNDA:0,show
DA:1,2
DA:2,2
DA:3,2
DA:5,2
DA:7,2
DA:9,2
DA:10,2
DA:12,2
DA:13,6
DA:20,2
DA:22,4
DA:23,4
DA:25,4
DA:26,4
DA:30,3
DA:31,3
DA:32,3
DA:36,3
DA:37,3
DA:38,3
DA:39,3
DA:43,3
DA:45,3
DA:49,3
DA:50,0
DA:56,3
DA:57,3
DA:63,3
DA:64,3
DA:66,3
DA:76,2
DA:85,2
DA:88,2
DA:91,6
DA:102,2
DA:105,2
DA:107,2
DA:112,1
DA:114,1
DA:116,0
DA:122,3
DA:124,3
DA:126,3
DA:127,0
DA:131,3
DA:132,3
DA:134,3
DA:145,3
DA:146,0
DA:149,3
DA:154,3
DA:155,1
DA:158,2
DA:160,2
DA:166,0
DA:171,2
DA:172,2
DA:176,0
DA:177,0
DA:179,0
DA:180,0
DA:185,0
DA:212,0
DA:213,0
DA:218,0
DA:220,0
DA:224,2
LF:67
LH:53
BRDA:43,0,0,0
BRDA:43,0,1,3
BRDA:49,1,0,0
BRDA:49,1,1,3
BRDA:112,2,0,1
BRDA:112,2,1,0
BRDA:122,3,0,0
BRDA:122,3,1,3
BRDA:126,4,0,0
BRDA:126,4,1,3
BRDA:126,5,0,3
BRDA:126,5,1,3
BRDA:145,6,0,0
BRDA:145,6,1,3
BRDA:154,7,0,1
BRDA:154,7,1,2
BRDA:179,8,0,0
BRDA:179,8,1,0
BRDA:212,9,0,0
BRDA:212,9,1,0
BRF:20
BRH:10
end_of_record
TN:
SF:db/prisma.js
FNF:0
FNH:0
DA:1,3
DA:4,3
DA:5,0
DA:7,3
DA:10,3
DA:12,3
LF:6
LH:5
BRDA:4,0,0,0
BRDA:4,0,1,3
BRDA:4,1,0,3
BRDA:4,1,1,3
BRF:4
BRH:3
end_of_record
TN:
SF:middleware/error-handler.js
FN:1,errorHandler
FNF:1
FNH:0
FNDA:0,errorHandler
DA:2,0
DA:3,0
DA:5,0
DA:7,0
DA:11,0
DA:12,0
DA:17,1
LF:7
LH:1
BRDA:2,0,0,0
BRDA:2,0,1,0
BRDA:5,1,0,0
BRDA:5,1,1,0
BRDA:5,2,0,0
BRDA:5,2,1,0
BRF:6
BRH:0
end_of_record
TN:
SF:middleware/jwtMiddleware.js
FN:4,(anonymous_0)
FN:10,(anonymous_1)
FN:15,(anonymous_2)
FNF:3
FNH:3
FNDA:4,(anonymous_0)
FNDA:7,(anonymous_1)
FNDA:5,(anonymous_2)
DA:1,2
DA:2,2
DA:4,2
DA:5,4
DA:10,2
DA:11,7
DA:12,7
DA:13,2
DA:15,5
DA:17,5
DA:18,1
DA:20,4
DA:23,4
DA:25,3
DA:26,1
DA:29,3
LF:16
LH:16
BRDA:12,0,0,2
BRDA:12,0,1,5
BRDA:17,1,0,1
BRDA:17,1,1,4
BRDA:23,2,0,3
BRDA:23,2,1,1
BRDA:25,3,0,1
BRDA:25,3,1,2
BRF:8
BRH:8
end_of_record
TN:
SF:middleware/not-found.js
FN:1,notFound
FNF:1
FNH:0
FNDA:0,notFound
DA:2,0
DA:7,1
LF:2
LH:1
BRF:0
BRH:0
end_of_record
TN:
SF:routes/analyticsRoutes.js
FNF:0
FNH:0
DA:5,1
DA:11,1
DA:13,1
DA:15,1
DA:16,1
DA:17,1
DA:19,1
LF:7
LH:7
BRF:0
BRH:0
end_of_record
TN:
SF:routes/taskRoutes.js
FNF:0
FNH:0
DA:13,1
DA:14,1
DA:16,1
DA:18,1
DA:19,1
DA:20,1
DA:21,1
DA:22,1
DA:23,1
DA:25,1
LF:10
LH:10
BRF:0
BRH:0
end_of_record
TN:
SF:routes/userRoutes.js
FNF:0
FNH:0
DA:1,1
DA:3,1
DA:5,1
DA:7,1
DA:9,1
DA:10,1
DA:11,1
DA:13,1
LF:8
LH:8
BRF:0
BRH:0
end_of_record
TN:
SF:test/waitForRouteHandlerCompletion.js
FN:1,(anonymous_0)
FN:3,(anonymous_1)
FN:4,(anonymous_2)
FN:8,(anonymous_3)
FNF:4
FNH:4
FNDA:22,(anonymous_0)
FNDA:22,(anonymous_1)
FNDA:4,(anonymous_2)
FNDA:18,(anonymous_3)
DA:1,2
DA:3,22
DA:4,22
DA:5,4
DA:6,1
DA:8,22
DA:9,18
DA:12,22
DA:13,22
DA:14,19
DA:16,2
LF:11
LH:11
BRDA:5,0,0,3
BRDA:5,0,1,1
BRF:2
BRH:2
end_of_record
TN:
SF:validation/taskSchema.js
FNF:0
FNH:0
DA:1,3
DA:3,3
DA:9,3
DA:17,3
LF:4
LH:4
BRF:0
BRH:0
end_of_record
TN:
SF:validation/userSchema.js
FNF:0
FNH:0
DA:1,3
DA:3,3
DA:17,3
LF:3
LH:3
BRF:0
BRH:0
end_of_record
